  [1m[35m (75.0ms)[0m  [1m[35mCREATE DATABASE `svc_items_development` DEFAULT CHARACTER SET `utf8mb4` /*application='SvcItems'*/[0m
  [1m[35m (102.0ms)[0m  [1m[35mCREATE DATABASE `svc_items_test` DEFAULT CHARACTER SET `utf8mb4` /*application='SvcItems'*/[0m
Started GET "/" for ::1 at 2025-05-29 13:44:30 +0300
  [1m[35m (14.9ms)[0m  [1m[35mCREATE TABLE `schema_migrations` (`version` varchar(255) NOT NULL PRIMARY KEY) /*application='SvcItems'*/[0m
  [1m[35m (10.7ms)[0m  [1m[35mCREATE TABLE `ar_internal_metadata` (`key` varchar(255) NOT NULL PRIMARY KEY, `value` varchar(255), `created_at` datetime(6) NOT NULL, `updated_at` datetime(6) NOT NULL) /*application='SvcItems'*/[0m
  [1m[36mActiveRecord::SchemaMigration Load (0.8ms)[0m  [1m[34mSELECT `schema_migrations`.`version` FROM `schema_migrations` ORDER BY `schema_migrations`.`version` ASC /*application='SvcItems'*/[0m
Processing by Rails::WelcomeController#index as HTML
  Rendering /Users/martynassimanavicius/.local/share/mise/installs/ruby/3.4.4/lib/ruby/gems/3.4.0/gems/railties-8.0.2/lib/rails/templates/rails/welcome/index.html.erb
  Rendered /Users/martynassimanavicius/.local/share/mise/installs/ruby/3.4.4/lib/ruby/gems/3.4.0/gems/railties-8.0.2/lib/rails/templates/rails/welcome/index.html.erb (Duration: 0.6ms | GC: 0.0ms)
Completed 200 OK in 19ms (Views: 5.0ms | ActiveRecord: 0.0ms (0 queries, 0 cached) | GC: 0.5ms)


Started GET "/icon.png" for ::1 at 2025-05-29 13:44:30 +0300
  
ActionController::RoutingError (No route matches [GET] "/icon.png"):
  
Started GET "/" for ::1 at 2025-05-29 13:44:48 +0300
  [1m[36mActiveRecord::SchemaMigration Load (1.1ms)[0m  [1m[34mSELECT `schema_migrations`.`version` FROM `schema_migrations` ORDER BY `schema_migrations`.`version` ASC /*application='SvcItems'*/[0m
Processing by Rails::WelcomeController#index as HTML
  Rendering /Users/martynassimanavicius/.local/share/mise/installs/ruby/3.4.4/lib/ruby/gems/3.4.0/gems/railties-8.0.2/lib/rails/templates/rails/welcome/index.html.erb
  Rendered /Users/martynassimanavicius/.local/share/mise/installs/ruby/3.4.4/lib/ruby/gems/3.4.0/gems/railties-8.0.2/lib/rails/templates/rails/welcome/index.html.erb (Duration: 0.4ms | GC: 0.0ms)
Completed 200 OK in 7ms (Views: 1.7ms | ActiveRecord: 0.0ms (0 queries, 0 cached) | GC: 0.0ms)


Started GET "/" for ::1 at 2025-05-29 13:45:19 +0300
Processing by Rails::WelcomeController#index as HTML
  Rendering /Users/martynassimanavicius/.local/share/mise/installs/ruby/3.4.4/lib/ruby/gems/3.4.0/gems/railties-8.0.2/lib/rails/templates/rails/welcome/index.html.erb
  Rendered /Users/martynassimanavicius/.local/share/mise/installs/ruby/3.4.4/lib/ruby/gems/3.4.0/gems/railties-8.0.2/lib/rails/templates/rails/welcome/index.html.erb (Duration: 0.1ms | GC: 0.0ms)
Completed 200 OK in 1ms (Views: 0.5ms | ActiveRecord: 0.0ms (0 queries, 0 cached) | GC: 0.0ms)


  [1m[35mSQL (0.1ms)[0m  [1m[34mSELECT GET_LOCK('2296267123518063255', 0) /*application='SvcItems'*/[0m
  [1m[36mActiveRecord::SchemaMigration Load (0.4ms)[0m  [1m[34mSELECT `schema_migrations`.`version` FROM `schema_migrations` ORDER BY `schema_migrations`.`version` ASC /*application='SvcItems'*/[0m
  [1m[36mActiveRecord::InternalMetadata Load (0.3ms)[0m  [1m[34mSELECT * FROM `ar_internal_metadata` WHERE `ar_internal_metadata`.`key` = 'environment' ORDER BY `ar_internal_metadata`.`key` ASC LIMIT 1 /*application='SvcItems'*/[0m
  [1m[36mActiveRecord::InternalMetadata Create (1.7ms)[0m  [1m[32mINSERT INTO `ar_internal_metadata` (`key`, `value`, `created_at`, `updated_at`) VALUES ('environment', 'development', '2025-05-29 10:46:56.701930', '2025-05-29 10:46:56.701932') /*application='SvcItems'*/[0m
Migrating to CreateUsers (20250529104552)
  [1m[35m (16.2ms)[0m  [1m[35m      CREATE TABLE `users` (
        `id`                   bigint(20)   NOT NULL AUTO_INCREMENT,
        `uuid`                 varchar(36)  NOT NULL,
        `name`                 varchar(255) NOT NULL,
        `email`                text         NOT NULL,
        `created_at`           datetime(6)  NOT NULL,
        `updated_at`           datetime(6)  NOT NULL,

        PRIMARY KEY (`id`),
        UNIQUE KEY `index_users_on_uuid` (`uuid`)
      ) ENGINE=InnoDB COLLATE=utf8mb4_bin;
 /*application='SvcItems'*/[0m
  [1m[36mActiveRecord::SchemaMigration Create (0.3ms)[0m  [1m[32mINSERT INTO `schema_migrations` (`version`) VALUES ('20250529104552') /*application='SvcItems'*/[0m
  [1m[35mSQL (2.1ms)[0m  [1m[34mSELECT RELEASE_LOCK('2296267123518063255') /*application='SvcItems'*/[0m
  [1m[36mActiveRecord::SchemaMigration Load (0.3ms)[0m  [1m[34mSELECT `schema_migrations`.`version` FROM `schema_migrations` ORDER BY `schema_migrations`.`version` ASC /*application='SvcItems'*/[0m
  [1m[36mActiveRecord::SchemaMigration Load (0.3ms)[0m  [1m[34mSELECT `schema_migrations`.`version` FROM `schema_migrations` ORDER BY `schema_migrations`.`version` ASC /*application='SvcItems'*/[0m
  [1m[36mActiveRecord::SchemaMigration Load (0.2ms)[0m  [1m[34mSELECT `schema_migrations`.`version` FROM `schema_migrations` ORDER BY `schema_migrations`.`version` ASC /*application='SvcItems'*/[0m
  [1m[36mActiveRecord::SchemaMigration Load (0.1ms)[0m  [1m[34mSELECT `schema_migrations`.`version` FROM `schema_migrations` ORDER BY `schema_migrations`.`version` ASC /*application='SvcItems'*/[0m
  [1m[35mSQL (0.1ms)[0m  [1m[34mSELECT GET_LOCK('2296267123518063255', 0) /*application='SvcItems'*/[0m
  [1m[36mActiveRecord::SchemaMigration Load (0.1ms)[0m  [1m[34mSELECT `schema_migrations`.`version` FROM `schema_migrations` ORDER BY `schema_migrations`.`version` ASC /*application='SvcItems'*/[0m
Migrating to CreateUsers (20250529104552)
  [1m[35m (2.3ms)[0m  [1m[35mDROP TABLE `users` /*application='SvcItems'*/[0m
  [1m[36mActiveRecord::SchemaMigration Destroy (0.4ms)[0m  [1m[31mDELETE FROM `schema_migrations` WHERE `schema_migrations`.`version` = '20250529104552' /*application='SvcItems'*/[0m
  [1m[35mSQL (0.1ms)[0m  [1m[34mSELECT RELEASE_LOCK('2296267123518063255') /*application='SvcItems'*/[0m
  [1m[36mActiveRecord::SchemaMigration Load (0.1ms)[0m  [1m[34mSELECT `schema_migrations`.`version` FROM `schema_migrations` ORDER BY `schema_migrations`.`version` ASC /*application='SvcItems'*/[0m
